<?xml version="1.0" encoding="UTF-8"?>
<testsuite xmlns:xsi="http://www.w3.org/2001/XMLSchema-instance" xsi:noNamespaceSchemaLocation="https://maven.apache.org/surefire/maven-surefire-plugin/xsd/surefire-test-report.xsd" version="3.0.2" name="com.example.empresa.EmpresaApplicationTests" time="0.977" tests="1" errors="0" skipped="0" failures="0">
  <properties>
    <property name="java.specification.version" value="17"/>
    <property name="sun.jnu.encoding" value="UTF-8"/>
    <property name="java.class.path" value="/home/bruno/Escritorio/Progrmacion 2/tp5/programacion-2-trabajo-practico-5-Brunopiastre/target/test-classes:/home/bruno/Escritorio/Progrmacion 2/tp5/programacion-2-trabajo-practico-5-Brunopiastre/target/classes:/home/bruno/.m2/repository/org/springframework/boot/spring-boot-starter-data-jpa/3.5.5/spring-boot-starter-data-jpa-3.5.5.jar:/home/bruno/.m2/repository/org/springframework/boot/spring-boot-starter/3.5.5/spring-boot-starter-3.5.5.jar:/home/bruno/.m2/repository/org/springframework/boot/spring-boot/3.5.5/spring-boot-3.5.5.jar:/home/bruno/.m2/repository/org/springframework/boot/spring-boot-autoconfigure/3.5.5/spring-boot-autoconfigure-3.5.5.jar:/home/bruno/.m2/repository/org/springframework/boot/spring-boot-starter-logging/3.5.5/spring-boot-starter-logging-3.5.5.jar:/home/bruno/.m2/repository/ch/qos/logback/logback-classic/1.5.18/logback-classic-1.5.18.jar:/home/bruno/.m2/repository/ch/qos/logback/logback-core/1.5.18/logback-core-1.5.18.jar:/home/bruno/.m2/repository/org/apache/logging/log4j/log4j-to-slf4j/2.24.3/log4j-to-slf4j-2.24.3.jar:/home/bruno/.m2/repository/org/apache/logging/log4j/log4j-api/2.24.3/log4j-api-2.24.3.jar:/home/bruno/.m2/repository/org/slf4j/jul-to-slf4j/2.0.17/jul-to-slf4j-2.0.17.jar:/home/bruno/.m2/repository/jakarta/annotation/jakarta.annotation-api/2.1.1/jakarta.annotation-api-2.1.1.jar:/home/bruno/.m2/repository/org/yaml/snakeyaml/2.4/snakeyaml-2.4.jar:/home/bruno/.m2/repository/org/springframework/boot/spring-boot-starter-jdbc/3.5.5/spring-boot-starter-jdbc-3.5.5.jar:/home/bruno/.m2/repository/com/zaxxer/HikariCP/6.3.2/HikariCP-6.3.2.jar:/home/bruno/.m2/repository/org/springframework/spring-jdbc/6.2.10/spring-jdbc-6.2.10.jar:/home/bruno/.m2/repository/org/hibernate/orm/hibernate-core/6.6.26.Final/hibernate-core-6.6.26.Final.jar:/home/bruno/.m2/repository/jakarta/persistence/jakarta.persistence-api/3.1.0/jakarta.persistence-api-3.1.0.jar:/home/bruno/.m2/repository/jakarta/transaction/jakarta.transaction-api/2.0.1/jakarta.transaction-api-2.0.1.jar:/home/bruno/.m2/repository/org/jboss/logging/jboss-logging/3.6.1.Final/jboss-logging-3.6.1.Final.jar:/home/bruno/.m2/repository/org/hibernate/common/hibernate-commons-annotations/7.0.3.Final/hibernate-commons-annotations-7.0.3.Final.jar:/home/bruno/.m2/repository/io/smallrye/jandex/3.2.0/jandex-3.2.0.jar:/home/bruno/.m2/repository/com/fasterxml/classmate/1.7.0/classmate-1.7.0.jar:/home/bruno/.m2/repository/net/bytebuddy/byte-buddy/1.17.7/byte-buddy-1.17.7.jar:/home/bruno/.m2/repository/org/glassfish/jaxb/jaxb-runtime/4.0.5/jaxb-runtime-4.0.5.jar:/home/bruno/.m2/repository/org/glassfish/jaxb/jaxb-core/4.0.5/jaxb-core-4.0.5.jar:/home/bruno/.m2/repository/org/eclipse/angus/angus-activation/2.0.2/angus-activation-2.0.2.jar:/home/bruno/.m2/repository/org/glassfish/jaxb/txw2/4.0.5/txw2-4.0.5.jar:/home/bruno/.m2/repository/com/sun/istack/istack-commons-runtime/4.1.2/istack-commons-runtime-4.1.2.jar:/home/bruno/.m2/repository/jakarta/inject/jakarta.inject-api/2.0.1/jakarta.inject-api-2.0.1.jar:/home/bruno/.m2/repository/org/antlr/antlr4-runtime/4.13.0/antlr4-runtime-4.13.0.jar:/home/bruno/.m2/repository/org/springframework/data/spring-data-jpa/3.5.3/spring-data-jpa-3.5.3.jar:/home/bruno/.m2/repository/org/springframework/data/spring-data-commons/3.5.3/spring-data-commons-3.5.3.jar:/home/bruno/.m2/repository/org/springframework/spring-orm/6.2.10/spring-orm-6.2.10.jar:/home/bruno/.m2/repository/org/springframework/spring-context/6.2.10/spring-context-6.2.10.jar:/home/bruno/.m2/repository/org/springframework/spring-aop/6.2.10/spring-aop-6.2.10.jar:/home/bruno/.m2/repository/org/springframework/spring-tx/6.2.10/spring-tx-6.2.10.jar:/home/bruno/.m2/repository/org/springframework/spring-beans/6.2.10/spring-beans-6.2.10.jar:/home/bruno/.m2/repository/org/slf4j/slf4j-api/2.0.17/slf4j-api-2.0.17.jar:/home/bruno/.m2/repository/org/springframework/spring-aspects/6.2.10/spring-aspects-6.2.10.jar:/home/bruno/.m2/repository/org/aspectj/aspectjweaver/1.9.24/aspectjweaver-1.9.24.jar:/home/bruno/.m2/repository/org/springframework/boot/spring-boot-starter-web/3.5.5/spring-boot-starter-web-3.5.5.jar:/home/bruno/.m2/repository/org/springframework/boot/spring-boot-starter-json/3.5.5/spring-boot-starter-json-3.5.5.jar:/home/bruno/.m2/repository/com/fasterxml/jackson/core/jackson-databind/2.19.2/jackson-databind-2.19.2.jar:/home/bruno/.m2/repository/com/fasterxml/jackson/core/jackson-annotations/2.19.2/jackson-annotations-2.19.2.jar:/home/bruno/.m2/repository/com/fasterxml/jackson/core/jackson-core/2.19.2/jackson-core-2.19.2.jar:/home/bruno/.m2/repository/com/fasterxml/jackson/datatype/jackson-datatype-jdk8/2.19.2/jackson-datatype-jdk8-2.19.2.jar:/home/bruno/.m2/repository/com/fasterxml/jackson/datatype/jackson-datatype-jsr310/2.19.2/jackson-datatype-jsr310-2.19.2.jar:/home/bruno/.m2/repository/com/fasterxml/jackson/module/jackson-module-parameter-names/2.19.2/jackson-module-parameter-names-2.19.2.jar:/home/bruno/.m2/repository/org/springframework/boot/spring-boot-starter-tomcat/3.5.5/spring-boot-starter-tomcat-3.5.5.jar:/home/bruno/.m2/repository/org/apache/tomcat/embed/tomcat-embed-core/10.1.44/tomcat-embed-core-10.1.44.jar:/home/bruno/.m2/repository/org/apache/tomcat/embed/tomcat-embed-el/10.1.44/tomcat-embed-el-10.1.44.jar:/home/bruno/.m2/repository/org/apache/tomcat/embed/tomcat-embed-websocket/10.1.44/tomcat-embed-websocket-10.1.44.jar:/home/bruno/.m2/repository/org/springframework/spring-web/6.2.10/spring-web-6.2.10.jar:/home/bruno/.m2/repository/io/micrometer/micrometer-observation/1.15.3/micrometer-observation-1.15.3.jar:/home/bruno/.m2/repository/io/micrometer/micrometer-commons/1.15.3/micrometer-commons-1.15.3.jar:/home/bruno/.m2/repository/org/springframework/spring-webmvc/6.2.10/spring-webmvc-6.2.10.jar:/home/bruno/.m2/repository/org/springframework/spring-expression/6.2.10/spring-expression-6.2.10.jar:/home/bruno/.m2/repository/com/h2database/h2/2.3.232/h2-2.3.232.jar:/home/bruno/.m2/repository/com/mysql/mysql-connector-j/9.4.0/mysql-connector-j-9.4.0.jar:/home/bruno/.m2/repository/org/postgresql/postgresql/42.7.7/postgresql-42.7.7.jar:/home/bruno/.m2/repository/org/checkerframework/checker-qual/3.49.3/checker-qual-3.49.3.jar:/home/bruno/.m2/repository/org/springframework/boot/spring-boot-configuration-processor/3.5.5/spring-boot-configuration-processor-3.5.5.jar:/home/bruno/.m2/repository/org/projectlombok/lombok/1.18.38/lombok-1.18.38.jar:/home/bruno/.m2/repository/org/springframework/boot/spring-boot-starter-test/3.5.5/spring-boot-starter-test-3.5.5.jar:/home/bruno/.m2/repository/org/springframework/boot/spring-boot-test/3.5.5/spring-boot-test-3.5.5.jar:/home/bruno/.m2/repository/org/springframework/boot/spring-boot-test-autoconfigure/3.5.5/spring-boot-test-autoconfigure-3.5.5.jar:/home/bruno/.m2/repository/com/jayway/jsonpath/json-path/2.9.0/json-path-2.9.0.jar:/home/bruno/.m2/repository/jakarta/xml/bind/jakarta.xml.bind-api/4.0.2/jakarta.xml.bind-api-4.0.2.jar:/home/bruno/.m2/repository/jakarta/activation/jakarta.activation-api/2.1.3/jakarta.activation-api-2.1.3.jar:/home/bruno/.m2/repository/net/minidev/json-smart/2.5.2/json-smart-2.5.2.jar:/home/bruno/.m2/repository/net/minidev/accessors-smart/2.5.2/accessors-smart-2.5.2.jar:/home/bruno/.m2/repository/org/ow2/asm/asm/9.7.1/asm-9.7.1.jar:/home/bruno/.m2/repository/org/assertj/assertj-core/3.27.4/assertj-core-3.27.4.jar:/home/bruno/.m2/repository/org/awaitility/awaitility/4.2.2/awaitility-4.2.2.jar:/home/bruno/.m2/repository/org/hamcrest/hamcrest/3.0/hamcrest-3.0.jar:/home/bruno/.m2/repository/org/junit/jupiter/junit-jupiter/5.12.2/junit-jupiter-5.12.2.jar:/home/bruno/.m2/repository/org/junit/jupiter/junit-jupiter-api/5.12.2/junit-jupiter-api-5.12.2.jar:/home/bruno/.m2/repository/org/opentest4j/opentest4j/1.3.0/opentest4j-1.3.0.jar:/home/bruno/.m2/repository/org/junit/platform/junit-platform-commons/1.12.2/junit-platform-commons-1.12.2.jar:/home/bruno/.m2/repository/org/apiguardian/apiguardian-api/1.1.2/apiguardian-api-1.1.2.jar:/home/bruno/.m2/repository/org/junit/jupiter/junit-jupiter-params/5.12.2/junit-jupiter-params-5.12.2.jar:/home/bruno/.m2/repository/org/junit/jupiter/junit-jupiter-engine/5.12.2/junit-jupiter-engine-5.12.2.jar:/home/bruno/.m2/repository/org/junit/platform/junit-platform-engine/1.12.2/junit-platform-engine-1.12.2.jar:/home/bruno/.m2/repository/org/mockito/mockito-core/5.17.0/mockito-core-5.17.0.jar:/home/bruno/.m2/repository/net/bytebuddy/byte-buddy-agent/1.17.7/byte-buddy-agent-1.17.7.jar:/home/bruno/.m2/repository/org/objenesis/objenesis/3.3/objenesis-3.3.jar:/home/bruno/.m2/repository/org/mockito/mockito-junit-jupiter/5.17.0/mockito-junit-jupiter-5.17.0.jar:/home/bruno/.m2/repository/org/skyscreamer/jsonassert/1.5.3/jsonassert-1.5.3.jar:/home/bruno/.m2/repository/com/vaadin/external/google/android-json/0.0.20131108.vaadin1/android-json-0.0.20131108.vaadin1.jar:/home/bruno/.m2/repository/org/springframework/spring-core/6.2.10/spring-core-6.2.10.jar:/home/bruno/.m2/repository/org/springframework/spring-jcl/6.2.10/spring-jcl-6.2.10.jar:/home/bruno/.m2/repository/org/springframework/spring-test/6.2.10/spring-test-6.2.10.jar:/home/bruno/.m2/repository/org/xmlunit/xmlunit-core/2.10.3/xmlunit-core-2.10.3.jar:"/>
    <property name="java.vm.vendor" value="Ubuntu"/>
    <property name="sun.arch.data.model" value="64"/>
    <property name="java.vendor.url" value="https://ubuntu.com/"/>
    <property name="user.timezone" value="America/Argentina/Mendoza"/>
    <property name="org.jboss.logging.provider" value="slf4j"/>
    <property name="os.name" value="Linux"/>
    <property name="java.vm.specification.version" value="17"/>
    <property name="sun.java.launcher" value="SUN_STANDARD"/>
    <property name="user.country" value="AR"/>
    <property name="sun.boot.library.path" value="/usr/lib/jvm/java-17-openjdk-amd64/lib"/>
    <property name="sun.java.command" value="/home/bruno/Escritorio/Progrmacion 2/tp5/programacion-2-trabajo-practico-5-Brunopiastre/target/surefire/surefirebooter-20250910124510432_3.jar /home/bruno/Escritorio/Progrmacion 2/tp5/programacion-2-trabajo-practico-5-Brunopiastre/target/surefire 2025-09-10T12-45-10_365-jvmRun1 surefire-20250910124510432_1tmp surefire_0-20250910124510432_2tmp"/>
    <property name="jdk.debug" value="release"/>
    <property name="surefire.test.class.path" value="/home/bruno/Escritorio/Progrmacion 2/tp5/programacion-2-trabajo-practico-5-Brunopiastre/target/test-classes:/home/bruno/Escritorio/Progrmacion 2/tp5/programacion-2-trabajo-practico-5-Brunopiastre/target/classes:/home/bruno/.m2/repository/org/springframework/boot/spring-boot-starter-data-jpa/3.5.5/spring-boot-starter-data-jpa-3.5.5.jar:/home/bruno/.m2/repository/org/springframework/boot/spring-boot-starter/3.5.5/spring-boot-starter-3.5.5.jar:/home/bruno/.m2/repository/org/springframework/boot/spring-boot/3.5.5/spring-boot-3.5.5.jar:/home/bruno/.m2/repository/org/springframework/boot/spring-boot-autoconfigure/3.5.5/spring-boot-autoconfigure-3.5.5.jar:/home/bruno/.m2/repository/org/springframework/boot/spring-boot-starter-logging/3.5.5/spring-boot-starter-logging-3.5.5.jar:/home/bruno/.m2/repository/ch/qos/logback/logback-classic/1.5.18/logback-classic-1.5.18.jar:/home/bruno/.m2/repository/ch/qos/logback/logback-core/1.5.18/logback-core-1.5.18.jar:/home/bruno/.m2/repository/org/apache/logging/log4j/log4j-to-slf4j/2.24.3/log4j-to-slf4j-2.24.3.jar:/home/bruno/.m2/repository/org/apache/logging/log4j/log4j-api/2.24.3/log4j-api-2.24.3.jar:/home/bruno/.m2/repository/org/slf4j/jul-to-slf4j/2.0.17/jul-to-slf4j-2.0.17.jar:/home/bruno/.m2/repository/jakarta/annotation/jakarta.annotation-api/2.1.1/jakarta.annotation-api-2.1.1.jar:/home/bruno/.m2/repository/org/yaml/snakeyaml/2.4/snakeyaml-2.4.jar:/home/bruno/.m2/repository/org/springframework/boot/spring-boot-starter-jdbc/3.5.5/spring-boot-starter-jdbc-3.5.5.jar:/home/bruno/.m2/repository/com/zaxxer/HikariCP/6.3.2/HikariCP-6.3.2.jar:/home/bruno/.m2/repository/org/springframework/spring-jdbc/6.2.10/spring-jdbc-6.2.10.jar:/home/bruno/.m2/repository/org/hibernate/orm/hibernate-core/6.6.26.Final/hibernate-core-6.6.26.Final.jar:/home/bruno/.m2/repository/jakarta/persistence/jakarta.persistence-api/3.1.0/jakarta.persistence-api-3.1.0.jar:/home/bruno/.m2/repository/jakarta/transaction/jakarta.transaction-api/2.0.1/jakarta.transaction-api-2.0.1.jar:/home/bruno/.m2/repository/org/jboss/logging/jboss-logging/3.6.1.Final/jboss-logging-3.6.1.Final.jar:/home/bruno/.m2/repository/org/hibernate/common/hibernate-commons-annotations/7.0.3.Final/hibernate-commons-annotations-7.0.3.Final.jar:/home/bruno/.m2/repository/io/smallrye/jandex/3.2.0/jandex-3.2.0.jar:/home/bruno/.m2/repository/com/fasterxml/classmate/1.7.0/classmate-1.7.0.jar:/home/bruno/.m2/repository/net/bytebuddy/byte-buddy/1.17.7/byte-buddy-1.17.7.jar:/home/bruno/.m2/repository/org/glassfish/jaxb/jaxb-runtime/4.0.5/jaxb-runtime-4.0.5.jar:/home/bruno/.m2/repository/org/glassfish/jaxb/jaxb-core/4.0.5/jaxb-core-4.0.5.jar:/home/bruno/.m2/repository/org/eclipse/angus/angus-activation/2.0.2/angus-activation-2.0.2.jar:/home/bruno/.m2/repository/org/glassfish/jaxb/txw2/4.0.5/txw2-4.0.5.jar:/home/bruno/.m2/repository/com/sun/istack/istack-commons-runtime/4.1.2/istack-commons-runtime-4.1.2.jar:/home/bruno/.m2/repository/jakarta/inject/jakarta.inject-api/2.0.1/jakarta.inject-api-2.0.1.jar:/home/bruno/.m2/repository/org/antlr/antlr4-runtime/4.13.0/antlr4-runtime-4.13.0.jar:/home/bruno/.m2/repository/org/springframework/data/spring-data-jpa/3.5.3/spring-data-jpa-3.5.3.jar:/home/bruno/.m2/repository/org/springframework/data/spring-data-commons/3.5.3/spring-data-commons-3.5.3.jar:/home/bruno/.m2/repository/org/springframework/spring-orm/6.2.10/spring-orm-6.2.10.jar:/home/bruno/.m2/repository/org/springframework/spring-context/6.2.10/spring-context-6.2.10.jar:/home/bruno/.m2/repository/org/springframework/spring-aop/6.2.10/spring-aop-6.2.10.jar:/home/bruno/.m2/repository/org/springframework/spring-tx/6.2.10/spring-tx-6.2.10.jar:/home/bruno/.m2/repository/org/springframework/spring-beans/6.2.10/spring-beans-6.2.10.jar:/home/bruno/.m2/repository/org/slf4j/slf4j-api/2.0.17/slf4j-api-2.0.17.jar:/home/bruno/.m2/repository/org/springframework/spring-aspects/6.2.10/spring-aspects-6.2.10.jar:/home/bruno/.m2/repository/org/aspectj/aspectjweaver/1.9.24/aspectjweaver-1.9.24.jar:/home/bruno/.m2/repository/org/springframework/boot/spring-boot-starter-web/3.5.5/spring-boot-starter-web-3.5.5.jar:/home/bruno/.m2/repository/org/springframework/boot/spring-boot-starter-json/3.5.5/spring-boot-starter-json-3.5.5.jar:/home/bruno/.m2/repository/com/fasterxml/jackson/core/jackson-databind/2.19.2/jackson-databind-2.19.2.jar:/home/bruno/.m2/repository/com/fasterxml/jackson/core/jackson-annotations/2.19.2/jackson-annotations-2.19.2.jar:/home/bruno/.m2/repository/com/fasterxml/jackson/core/jackson-core/2.19.2/jackson-core-2.19.2.jar:/home/bruno/.m2/repository/com/fasterxml/jackson/datatype/jackson-datatype-jdk8/2.19.2/jackson-datatype-jdk8-2.19.2.jar:/home/bruno/.m2/repository/com/fasterxml/jackson/datatype/jackson-datatype-jsr310/2.19.2/jackson-datatype-jsr310-2.19.2.jar:/home/bruno/.m2/repository/com/fasterxml/jackson/module/jackson-module-parameter-names/2.19.2/jackson-module-parameter-names-2.19.2.jar:/home/bruno/.m2/repository/org/springframework/boot/spring-boot-starter-tomcat/3.5.5/spring-boot-starter-tomcat-3.5.5.jar:/home/bruno/.m2/repository/org/apache/tomcat/embed/tomcat-embed-core/10.1.44/tomcat-embed-core-10.1.44.jar:/home/bruno/.m2/repository/org/apache/tomcat/embed/tomcat-embed-el/10.1.44/tomcat-embed-el-10.1.44.jar:/home/bruno/.m2/repository/org/apache/tomcat/embed/tomcat-embed-websocket/10.1.44/tomcat-embed-websocket-10.1.44.jar:/home/bruno/.m2/repository/org/springframework/spring-web/6.2.10/spring-web-6.2.10.jar:/home/bruno/.m2/repository/io/micrometer/micrometer-observation/1.15.3/micrometer-observation-1.15.3.jar:/home/bruno/.m2/repository/io/micrometer/micrometer-commons/1.15.3/micrometer-commons-1.15.3.jar:/home/bruno/.m2/repository/org/springframework/spring-webmvc/6.2.10/spring-webmvc-6.2.10.jar:/home/bruno/.m2/repository/org/springframework/spring-expression/6.2.10/spring-expression-6.2.10.jar:/home/bruno/.m2/repository/com/h2database/h2/2.3.232/h2-2.3.232.jar:/home/bruno/.m2/repository/com/mysql/mysql-connector-j/9.4.0/mysql-connector-j-9.4.0.jar:/home/bruno/.m2/repository/org/postgresql/postgresql/42.7.7/postgresql-42.7.7.jar:/home/bruno/.m2/repository/org/checkerframework/checker-qual/3.49.3/checker-qual-3.49.3.jar:/home/bruno/.m2/repository/org/springframework/boot/spring-boot-configuration-processor/3.5.5/spring-boot-configuration-processor-3.5.5.jar:/home/bruno/.m2/repository/org/projectlombok/lombok/1.18.38/lombok-1.18.38.jar:/home/bruno/.m2/repository/org/springframework/boot/spring-boot-starter-test/3.5.5/spring-boot-starter-test-3.5.5.jar:/home/bruno/.m2/repository/org/springframework/boot/spring-boot-test/3.5.5/spring-boot-test-3.5.5.jar:/home/bruno/.m2/repository/org/springframework/boot/spring-boot-test-autoconfigure/3.5.5/spring-boot-test-autoconfigure-3.5.5.jar:/home/bruno/.m2/repository/com/jayway/jsonpath/json-path/2.9.0/json-path-2.9.0.jar:/home/bruno/.m2/repository/jakarta/xml/bind/jakarta.xml.bind-api/4.0.2/jakarta.xml.bind-api-4.0.2.jar:/home/bruno/.m2/repository/jakarta/activation/jakarta.activation-api/2.1.3/jakarta.activation-api-2.1.3.jar:/home/bruno/.m2/repository/net/minidev/json-smart/2.5.2/json-smart-2.5.2.jar:/home/bruno/.m2/repository/net/minidev/accessors-smart/2.5.2/accessors-smart-2.5.2.jar:/home/bruno/.m2/repository/org/ow2/asm/asm/9.7.1/asm-9.7.1.jar:/home/bruno/.m2/repository/org/assertj/assertj-core/3.27.4/assertj-core-3.27.4.jar:/home/bruno/.m2/repository/org/awaitility/awaitility/4.2.2/awaitility-4.2.2.jar:/home/bruno/.m2/repository/org/hamcrest/hamcrest/3.0/hamcrest-3.0.jar:/home/bruno/.m2/repository/org/junit/jupiter/junit-jupiter/5.12.2/junit-jupiter-5.12.2.jar:/home/bruno/.m2/repository/org/junit/jupiter/junit-jupiter-api/5.12.2/junit-jupiter-api-5.12.2.jar:/home/bruno/.m2/repository/org/opentest4j/opentest4j/1.3.0/opentest4j-1.3.0.jar:/home/bruno/.m2/repository/org/junit/platform/junit-platform-commons/1.12.2/junit-platform-commons-1.12.2.jar:/home/bruno/.m2/repository/org/apiguardian/apiguardian-api/1.1.2/apiguardian-api-1.1.2.jar:/home/bruno/.m2/repository/org/junit/jupiter/junit-jupiter-params/5.12.2/junit-jupiter-params-5.12.2.jar:/home/bruno/.m2/repository/org/junit/jupiter/junit-jupiter-engine/5.12.2/junit-jupiter-engine-5.12.2.jar:/home/bruno/.m2/repository/org/junit/platform/junit-platform-engine/1.12.2/junit-platform-engine-1.12.2.jar:/home/bruno/.m2/repository/org/mockito/mockito-core/5.17.0/mockito-core-5.17.0.jar:/home/bruno/.m2/repository/net/bytebuddy/byte-buddy-agent/1.17.7/byte-buddy-agent-1.17.7.jar:/home/bruno/.m2/repository/org/objenesis/objenesis/3.3/objenesis-3.3.jar:/home/bruno/.m2/repository/org/mockito/mockito-junit-jupiter/5.17.0/mockito-junit-jupiter-5.17.0.jar:/home/bruno/.m2/repository/org/skyscreamer/jsonassert/1.5.3/jsonassert-1.5.3.jar:/home/bruno/.m2/repository/com/vaadin/external/google/android-json/0.0.20131108.vaadin1/android-json-0.0.20131108.vaadin1.jar:/home/bruno/.m2/repository/org/springframework/spring-core/6.2.10/spring-core-6.2.10.jar:/home/bruno/.m2/repository/org/springframework/spring-jcl/6.2.10/spring-jcl-6.2.10.jar:/home/bruno/.m2/repository/org/springframework/spring-test/6.2.10/spring-test-6.2.10.jar:/home/bruno/.m2/repository/org/xmlunit/xmlunit-core/2.10.3/xmlunit-core-2.10.3.jar:"/>
    <property name="sun.cpu.endian" value="little"/>
    <property name="user.home" value="/home/bruno"/>
    <property name="user.language" value="es"/>
    <property name="java.specification.vendor" value="Oracle Corporation"/>
    <property name="java.version.date" value="2025-01-21"/>
    <property name="java.home" value="/usr/lib/jvm/java-17-openjdk-amd64"/>
    <property name="file.separator" value="/"/>
    <property name="basedir" value="/home/bruno/Escritorio/Progrmacion 2/tp5/programacion-2-trabajo-practico-5-Brunopiastre"/>
    <property name="java.vm.compressedOopsMode" value="32-bit"/>
    <property name="line.separator" value="&#10;"/>
    <property name="java.specification.name" value="Java Platform API Specification"/>
    <property name="java.vm.specification.vendor" value="Oracle Corporation"/>
    <property name="FILE_LOG_CHARSET" value="UTF-8"/>
    <property name="java.awt.headless" value="true"/>
    <property name="surefire.real.class.path" value="/home/bruno/Escritorio/Progrmacion 2/tp5/programacion-2-trabajo-practico-5-Brunopiastre/target/surefire/surefirebooter-20250910124510432_3.jar"/>
    <property name="sun.management.compiler" value="HotSpot 64-Bit Tiered Compilers"/>
    <property name="java.runtime.version" value="17.0.14+7-Ubuntu-122.04.1"/>
    <property name="user.name" value="bruno"/>
    <property name="path.separator" value=":"/>
    <property name="os.version" value="6.8.0-58-generic"/>
    <property name="java.runtime.name" value="OpenJDK Runtime Environment"/>
    <property name="file.encoding" value="UTF-8"/>
    <property name="java.vm.name" value="OpenJDK 64-Bit Server VM"/>
    <property name="skipTests" value="false"/>
    <property name="localRepository" value="/home/bruno/.m2/repository"/>
    <property name="java.vendor.url.bug" value="https://bugs.launchpad.net/ubuntu/+source/openjdk-17"/>
    <property name="java.io.tmpdir" value="/tmp"/>
    <property name="com.zaxxer.hikari.pool_number" value="1"/>
    <property name="java.version" value="17.0.14"/>
    <property name="user.dir" value="/home/bruno/Escritorio/Progrmacion 2/tp5/programacion-2-trabajo-practico-5-Brunopiastre"/>
    <property name="os.arch" value="amd64"/>
    <property name="java.vm.specification.name" value="Java Virtual Machine Specification"/>
    <property name="PID" value="36732"/>
    <property name="CONSOLE_LOG_CHARSET" value="UTF-8"/>
    <property name="native.encoding" value="UTF-8"/>
    <property name="java.library.path" value="/usr/java/packages/lib:/usr/lib/x86_64-linux-gnu/jni:/lib/x86_64-linux-gnu:/usr/lib/x86_64-linux-gnu:/usr/lib/jni:/lib:/usr/lib"/>
    <property name="java.vm.info" value="mixed mode, sharing"/>
    <property name="java.vendor" value="Ubuntu"/>
    <property name="java.vm.version" value="17.0.14+7-Ubuntu-122.04.1"/>
    <property name="java.specification.maintenance.version" value="1"/>
    <property name="sun.io.unicode.encoding" value="UnicodeLittle"/>
    <property name="java.class.version" value="61.0"/>
  </properties>
  <testcase name="contextLoads" classname="com.example.empresa.EmpresaApplicationTests" time="0.009">
    <system-out><![CDATA[2025-09-10T12:45:14.313-03:00  INFO 36732 --- [           main] t.c.s.AnnotationConfigContextLoaderUtils : Could not detect default configuration classes for test class [com.example.empresa.EmpresaApplicationTests]: EmpresaApplicationTests does not declare any static, non-private, non-final, nested classes annotated with @Configuration.
2025-09-10T12:45:14.318-03:00  INFO 36732 --- [           main] .b.t.c.SpringBootTestContextBootstrapper : Found @SpringBootConfiguration com.example.empresa.EmpresaApplication for test class com.example.empresa.EmpresaApplicationTests

  .   ____          _            __ _ _
 /\\ / ___'_ __ _ _(_)_ __  __ _ \ \ \ \
( ( )\___ | '_ | '_| | '_ \/ _` | \ \ \ \
 \\/  ___)| |_)| | | | | || (_| |  ) ) ) )
  '  |____| .__|_| |_|_| |_\__, | / / / /
 =========|_|==============|___/=/_/_/_/

 :: Spring Boot ::                (v3.5.5)

2025-09-10T12:45:14.355-03:00  INFO 36732 --- [           main] c.e.empresa.EmpresaApplicationTests      : Starting EmpresaApplicationTests using Java 17.0.14 with PID 36732 (started by bruno in /home/bruno/Escritorio/Progrmacion 2/tp5/programacion-2-trabajo-practico-5-Brunopiastre)
2025-09-10T12:45:14.356-03:00  INFO 36732 --- [           main] c.e.empresa.EmpresaApplicationTests      : No active profile set, falling back to 1 default profile: "default"
2025-09-10T12:45:14.569-03:00  INFO 36732 --- [           main] .s.d.r.c.RepositoryConfigurationDelegate : Bootstrapping Spring Data JPA repositories in DEFAULT mode.
2025-09-10T12:45:14.578-03:00  INFO 36732 --- [           main] .s.d.r.c.RepositoryConfigurationDelegate : Finished Spring Data repository scanning in 8 ms. Found 3 JPA repository interfaces.
2025-09-10T12:45:14.722-03:00  INFO 36732 --- [           main] o.hibernate.jpa.internal.util.LogHelper  : HHH000204: Processing PersistenceUnitInfo [name: default]
2025-09-10T12:45:14.724-03:00  INFO 36732 --- [           main] o.h.c.internal.RegionFactoryInitiator    : HHH000026: Second-level cache disabled
2025-09-10T12:45:14.733-03:00  INFO 36732 --- [           main] o.s.o.j.p.SpringPersistenceUnitInfo      : No LoadTimeWeaver setup: ignoring JPA class transformer
2025-09-10T12:45:14.735-03:00  INFO 36732 --- [           main] com.zaxxer.hikari.HikariDataSource       : HikariPool-1 - Starting...
2025-09-10T12:45:14.753-03:00  INFO 36732 --- [           main] com.zaxxer.hikari.pool.HikariPool        : HikariPool-1 - Added connection conn7: url=jdbc:h2:mem:empresa user=SA
2025-09-10T12:45:14.754-03:00  INFO 36732 --- [           main] com.zaxxer.hikari.HikariDataSource       : HikariPool-1 - Start completed.
2025-09-10T12:45:14.763-03:00  INFO 36732 --- [           main] org.hibernate.orm.connections.pooling    : HHH10001005: Database info:
	Database JDBC URL [Connecting through datasource 'HikariDataSource (HikariPool-1)']
	Database driver: undefined/unknown
	Database version: 2.3.232
	Autocommit mode: undefined/unknown
	Isolation level: undefined/unknown
	Minimum pool size: undefined/unknown
	Maximum pool size: undefined/unknown
2025-09-10T12:45:14.796-03:00  INFO 36732 --- [           main] o.h.e.t.j.p.i.JtaPlatformInitiator       : HHH000489: No JTA platform available (set 'hibernate.transaction.jta.platform' to enable JTA platform integration)
2025-09-10T12:45:14.797-03:00 DEBUG 36732 --- [           main] org.hibernate.SQL                        : 
    drop table if exists departamentos cascade 
Hibernate: 
    drop table if exists departamentos cascade 
2025-09-10T12:45:14.798-03:00 DEBUG 36732 --- [           main] org.hibernate.SQL                        : 
    drop table if exists empleado_proyecto cascade 
Hibernate: 
    drop table if exists empleado_proyecto cascade 
2025-09-10T12:45:14.799-03:00 DEBUG 36732 --- [           main] org.hibernate.SQL                        : 
    drop table if exists empleados cascade 
Hibernate: 
    drop table if exists empleados cascade 
2025-09-10T12:45:14.799-03:00 DEBUG 36732 --- [           main] org.hibernate.SQL                        : 
    drop table if exists proyectos cascade 
Hibernate: 
    drop table if exists proyectos cascade 
2025-09-10T12:45:14.799-03:00 DEBUG 36732 --- [           main] org.hibernate.SQL                        : 
    create table departamentos (
        id bigint generated by default as identity,
        descripcion varchar(255),
        nombre varchar(255) not null,
        primary key (id)
    )
Hibernate: 
    create table departamentos (
        id bigint generated by default as identity,
        descripcion varchar(255),
        nombre varchar(255) not null,
        primary key (id)
    )
2025-09-10T12:45:14.801-03:00 DEBUG 36732 --- [           main] org.hibernate.SQL                        : 
    create table empleado_proyecto (
        empleado_id bigint not null,
        proyecto_id bigint not null,
        primary key (empleado_id, proyecto_id)
    )
Hibernate: 
    create table empleado_proyecto (
        empleado_id bigint not null,
        proyecto_id bigint not null,
        primary key (empleado_id, proyecto_id)
    )
2025-09-10T12:45:14.802-03:00 DEBUG 36732 --- [           main] org.hibernate.SQL                        : 
    create table empleados (
        fecha_contratacion date,
        salario float(53),
        departamento_id bigint,
        id bigint generated by default as identity,
        apellido varchar(255),
        email varchar(255),
        nombre varchar(255),
        primary key (id)
    )
Hibernate: 
    create table empleados (
        fecha_contratacion date,
        salario float(53),
        departamento_id bigint,
        id bigint generated by default as identity,
        apellido varchar(255),
        email varchar(255),
        nombre varchar(255),
        primary key (id)
    )
2025-09-10T12:45:14.803-03:00 DEBUG 36732 --- [           main] org.hibernate.SQL                        : 
    create table proyectos (
        fecha_fin date,
        fecha_inicio date,
        id bigint generated by default as identity,
        descripcion varchar(255),
        nombre varchar(255),
        primary key (id)
    )
Hibernate: 
    create table proyectos (
        fecha_fin date,
        fecha_inicio date,
        id bigint generated by default as identity,
        descripcion varchar(255),
        nombre varchar(255),
        primary key (id)
    )
2025-09-10T12:45:14.804-03:00 DEBUG 36732 --- [           main] org.hibernate.SQL                        : 
    alter table if exists empleado_proyecto 
       add constraint FKdjyaatr3q6yytbw76qnbtkiow 
       foreign key (proyecto_id) 
       references proyectos
Hibernate: 
    alter table if exists empleado_proyecto 
       add constraint FKdjyaatr3q6yytbw76qnbtkiow 
       foreign key (proyecto_id) 
       references proyectos
2025-09-10T12:45:14.806-03:00 DEBUG 36732 --- [           main] org.hibernate.SQL                        : 
    alter table if exists empleado_proyecto 
       add constraint FKecnfcqq5fkwqac9mgcmd79pl6 
       foreign key (empleado_id) 
       references empleados
Hibernate: 
    alter table if exists empleado_proyecto 
       add constraint FKecnfcqq5fkwqac9mgcmd79pl6 
       foreign key (empleado_id) 
       references empleados
2025-09-10T12:45:14.807-03:00 DEBUG 36732 --- [           main] org.hibernate.SQL                        : 
    alter table if exists empleados 
       add constraint FK1dvvcamb3oxb2d9xqd9taug0u 
       foreign key (departamento_id) 
       references departamentos
Hibernate: 
    alter table if exists empleados 
       add constraint FK1dvvcamb3oxb2d9xqd9taug0u 
       foreign key (departamento_id) 
       references departamentos
2025-09-10T12:45:14.809-03:00  INFO 36732 --- [           main] j.LocalContainerEntityManagerFactoryBean : Initialized JPA EntityManagerFactory for persistence unit 'default'
2025-09-10T12:45:15.219-03:00  INFO 36732 --- [           main] o.s.b.a.h2.H2ConsoleAutoConfiguration    : H2 console available at '/h2-console'. Database available at 'jdbc:h2:mem:empresa'
2025-09-10T12:45:15.270-03:00  INFO 36732 --- [           main] c.e.empresa.EmpresaApplicationTests      : Started EmpresaApplicationTests in 0.944 seconds (process running for 4.788)
]]></system-out>
  </testcase>
</testsuite>